[debug] [2025-09-15T17:02:41.977Z] ----------------------------------------------------------------------
[debug] [2025-09-15T17:02:41.978Z] Command:       /Users/arnavdadarya/.nvm/versions/node/v18.20.8/bin/node /Users/arnavdadarya/.nvm/versions/node/v18.20.8/bin/firebase emulators:start --only firestore,storage
[debug] [2025-09-15T17:02:41.978Z] CLI Version:   13.35.1
[debug] [2025-09-15T17:02:41.978Z] Platform:      darwin
[debug] [2025-09-15T17:02:41.978Z] Node Version:  v18.20.8
[debug] [2025-09-15T17:02:41.979Z] Time:          Mon Sep 15 2025 13:02:41 GMT-0400 (Eastern Daylight Time)
[debug] [2025-09-15T17:02:41.979Z] ----------------------------------------------------------------------
[debug] 
[debug] [2025-09-15T17:02:42.085Z] > command requires scopes: ["email","openid","https://www.googleapis.com/auth/cloudplatformprojects.readonly","https://www.googleapis.com/auth/firebase","https://www.googleapis.com/auth/cloud-platform"]
[debug] [2025-09-15T17:02:42.086Z] > authorizing via signed-in user (arnav1@terpmail.umd.edu)
[debug] [2025-09-15T17:02:42.219Z] openjdk version "24.0.2" 2025-07-15

[debug] [2025-09-15T17:02:42.219Z] OpenJDK Runtime Environment (build 24.0.2+12-54)
OpenJDK 64-Bit Server VM (build 24.0.2+12-54, mixed mode, sharing)

[debug] [2025-09-15T17:02:42.224Z] Parsed Java major version: 24
[info] i  emulators: Starting emulators: firestore, storage {"metadata":{"emulator":{"name":"hub"},"message":"Starting emulators: firestore, storage"}}
[debug] [2025-09-15T17:02:43.575Z] [logging] Logging Emulator only supports listening on one address (127.0.0.1). Not listening on ::1
[debug] [2025-09-15T17:02:43.576Z] [firestore] Firestore Emulator only supports listening on one address (127.0.0.1). Not listening on ::1
[debug] [2025-09-15T17:02:43.576Z] [firestore.websocket] websocket server for firestore only supports listening on one address (127.0.0.1). Not listening on ::1
[debug] [2025-09-15T17:02:43.576Z] [storage] Storage Emulator only supports listening on one address (127.0.0.1). Not listening on ::1
[debug] [2025-09-15T17:02:43.576Z] assigned listening specs for emulators {"user":{"hub":[{"address":"127.0.0.1","family":"IPv4","port":4400},{"address":"::1","family":"IPv6","port":4400}],"ui":[{"address":"127.0.0.1","family":"IPv4","port":4000},{"address":"::1","family":"IPv6","port":4000}],"logging":[{"address":"127.0.0.1","family":"IPv4","port":4500}],"firestore":[{"address":"127.0.0.1","family":"IPv4","port":8080}],"firestore.websocket":[{"address":"127.0.0.1","family":"IPv4","port":9150}],"storage":[{"address":"127.0.0.1","family":"IPv4","port":9199}]},"metadata":{"message":"assigned listening specs for emulators"}}
[debug] [2025-09-15T17:02:43.578Z] [hub] writing locator at /var/folders/z3/j84767v922b9p4d4g8448rnc0000gn/T/hub-journey-home-e346f.json
[info] i  firestore: downloading cloud-firestore-emulator-v1.19.8.jar... {"metadata":{"emulator":{"name":"firestore"},"message":"downloading cloud-firestore-emulator-v1.19.8.jar..."}}
[debug] [2025-09-15T17:02:43.583Z] >>> [apiv2][query] GET https://storage.googleapis.com/firebase-preview-drop/emulator/cloud-firestore-emulator-v1.19.8.jar 
[debug] [2025-09-15T17:02:43.674Z] <<< [apiv2][status] GET https://storage.googleapis.com/firebase-preview-drop/emulator/cloud-firestore-emulator-v1.19.8.jar 200
[debug] [2025-09-15T17:02:43.675Z] <<< [apiv2][body] GET https://storage.googleapis.com/firebase-preview-drop/emulator/cloud-firestore-emulator-v1.19.8.jar [stream]
[debug] [2025-09-15T17:02:46.686Z] Ignoring unsupported arg: auto_download {"metadata":{"emulator":{"name":"firestore"},"message":"Ignoring unsupported arg: auto_download"}}
[debug] [2025-09-15T17:02:46.687Z] Ignoring unsupported arg: single_project_mode_error {"metadata":{"emulator":{"name":"firestore"},"message":"Ignoring unsupported arg: single_project_mode_error"}}
[debug] [2025-09-15T17:02:46.687Z] Starting Firestore Emulator with command {"binary":"java","args":["-Dgoogle.cloud_firestore.debug_log_level=FINE","-Duser.language=en","-jar","/Users/arnavdadarya/.cache/firebase/emulators/cloud-firestore-emulator-v1.19.8.jar","--host","127.0.0.1","--port",8080,"--websocket_port",9150,"--project_id","journey-home-e346f","--rules","/Users/arnavdadarya/coding/Hack4Imapct/Journey_Home/journey_home/firestore.rules","--single_project_mode",true],"optionalArgs":["port","webchannel_port","host","rules","websocket_port","functions_emulator","seed_from_export","project_id","single_project_mode"],"joinArgs":false,"shell":false,"port":8080} {"metadata":{"emulator":{"name":"firestore"},"message":"Starting Firestore Emulator with command {\"binary\":\"java\",\"args\":[\"-Dgoogle.cloud_firestore.debug_log_level=FINE\",\"-Duser.language=en\",\"-jar\",\"/Users/arnavdadarya/.cache/firebase/emulators/cloud-firestore-emulator-v1.19.8.jar\",\"--host\",\"127.0.0.1\",\"--port\",8080,\"--websocket_port\",9150,\"--project_id\",\"journey-home-e346f\",\"--rules\",\"/Users/arnavdadarya/coding/Hack4Imapct/Journey_Home/journey_home/firestore.rules\",\"--single_project_mode\",true],\"optionalArgs\":[\"port\",\"webchannel_port\",\"host\",\"rules\",\"websocket_port\",\"functions_emulator\",\"seed_from_export\",\"project_id\",\"single_project_mode\"],\"joinArgs\":false,\"shell\":false,\"port\":8080}"}}
[info] i  firestore: Firestore Emulator logging to firestore-debug.log {"metadata":{"emulator":{"name":"firestore"},"message":"Firestore Emulator logging to \u001b[1mfirestore-debug.log\u001b[22m"}}
[debug] [2025-09-15T17:02:46.929Z] WARNING: A terminally deprecated method in sun.misc.Unsafe has been called
WARNING: sun.misc.Unsafe::objectFieldOffset has been called by io.netty.util.internal.PlatformDependent0$4 (file:/Users/arnavdadarya/.cache/firebase/emulators/cloud-firestore-emulator-v1.19.8.jar)
WARNING: Please consider reporting this to the maintainers of class io.netty.util.internal.PlatformDependent0$4
WARNING: sun.misc.Unsafe::objectFieldOffset will be removed in a future release
 {"metadata":{"emulator":{"name":"firestore"},"message":"WARNING: A terminally deprecated method in sun.misc.Unsafe has been called\nWARNING: sun.misc.Unsafe::objectFieldOffset has been called by io.netty.util.internal.PlatformDependent0$4 (file:/Users/arnavdadarya/.cache/firebase/emulators/cloud-firestore-emulator-v1.19.8.jar)\nWARNING: Please consider reporting this to the maintainers of class io.netty.util.internal.PlatformDependent0$4\nWARNING: sun.misc.Unsafe::objectFieldOffset will be removed in a future release\n"}}
[debug] [2025-09-15T17:02:47.333Z] Sep 15, 2025 1:02:47 PM com.google.cloud.datastore.emulator.firestore.websocket.WebSocketServer start
INFO: Started WebSocket server on ws://127.0.0.1:9150
 {"metadata":{"emulator":{"name":"firestore"},"message":"Sep 15, 2025 1:02:47 PM com.google.cloud.datastore.emulator.firestore.websocket.WebSocketServer start\nINFO: Started WebSocket server on ws://127.0.0.1:9150\n"}}
[debug] [2025-09-15T17:02:47.345Z] API endpoint: http:// {"metadata":{"emulator":{"name":"firestore"},"message":"API endpoint: http://"}}
[debug] [2025-09-15T17:02:47.345Z] 127.0.0.1:8080
If you are using a library that supports the FIRESTORE_EMULATOR_HOST environment variable, run:

   export FIRESTORE_EMULATOR_HOST=127.0.0.1:8080

If you are running a Firestore in Datastore Mode project, run:

   export DATASTORE_EMULATOR_HOST=127.0.0.1:8080

Note: Support for Datastore Mode is in preview. If you encounter any bugs please file at https://github.com/firebase/firebase-tools/issues.
Dev App Server is now running.

 {"metadata":{"emulator":{"name":"firestore"},"message":"127.0.0.1:8080\nIf you are using a library that supports the FIRESTORE_EMULATOR_HOST environment variable, run:\n\n   export FIRESTORE_EMULATOR_HOST=127.0.0.1:8080\n\nIf you are running a Firestore in Datastore Mode project, run:\n\n   export DATASTORE_EMULATOR_HOST=127.0.0.1:8080\n\nNote: Support for Datastore Mode is in preview. If you encounter any bugs please file at https://github.com/firebase/firebase-tools/issues.\nDev App Server is now running.\n\n"}}
[info] ✔  firestore: Firestore Emulator UI websocket is running on 9150. {"metadata":{"emulator":{"name":"firestore"},"message":"Firestore Emulator UI websocket is running on 9150."}}
[info] i  storage: downloading cloud-storage-rules-runtime-v1.1.3.jar... {"metadata":{"emulator":{"name":"storage"},"message":"downloading cloud-storage-rules-runtime-v1.1.3.jar..."}}
[debug] [2025-09-15T17:02:47.496Z] >>> [apiv2][query] GET https://storage.googleapis.com/firebase-preview-drop/emulator/cloud-storage-rules-runtime-v1.1.3.jar 
[debug] [2025-09-15T17:02:47.558Z] <<< [apiv2][status] GET https://storage.googleapis.com/firebase-preview-drop/emulator/cloud-storage-rules-runtime-v1.1.3.jar 200
[debug] [2025-09-15T17:02:47.558Z] <<< [apiv2][body] GET https://storage.googleapis.com/firebase-preview-drop/emulator/cloud-storage-rules-runtime-v1.1.3.jar [stream]
[debug] [2025-09-15T17:02:49.574Z] Ignoring unsupported arg: port {"metadata":{"emulator":{"name":"storage"},"message":"Ignoring unsupported arg: port"}}
[warn] ⚠  Unexpected rules runtime error: WARNING: A terminally deprecated method in sun.misc.Unsafe has been called
WARNING: sun.misc.Unsafe::arrayBaseOffset has been called by com.google.protobuf.UnsafeUtil$MemoryAccessor (file:/Users/arnavdadarya/.cache/firebase/emulators/cloud-storage-rules-runtime-v1.1.3.jar)
WARNING: Please consider reporting this to the maintainers of class com.google.protobuf.UnsafeUtil$MemoryAccessor
WARNING: sun.misc.Unsafe::arrayBaseOffset will be removed in a future release
 {"metadata":{"emulator":{"name":"storage"},"message":"Unexpected rules runtime error: WARNING: A terminally deprecated method in sun.misc.Unsafe has been called\nWARNING: sun.misc.Unsafe::arrayBaseOffset has been called by com.google.protobuf.UnsafeUtil$MemoryAccessor (file:/Users/arnavdadarya/.cache/firebase/emulators/cloud-storage-rules-runtime-v1.1.3.jar)\nWARNING: Please consider reporting this to the maintainers of class com.google.protobuf.UnsafeUtil$MemoryAccessor\nWARNING: sun.misc.Unsafe::arrayBaseOffset will be removed in a future release\n"}}
[debug] [2025-09-15T17:02:50.046Z] Temp file directory for storage emulator: /var/folders/z3/j84767v922b9p4d4g8448rnc0000gn/T/firebase/storage/blobs {"metadata":{"emulator":{"name":"storage"},"message":"Temp file directory for storage emulator: /var/folders/z3/j84767v922b9p4d4g8448rnc0000gn/T/firebase/storage/blobs"}}
[info] i  ui: downloading ui-v1.14.0.zip... {"metadata":{"emulator":{"name":"ui"},"message":"downloading ui-v1.14.0.zip..."}}
[debug] [2025-09-15T17:02:50.054Z] >>> [apiv2][query] GET https://storage.googleapis.com/firebase-preview-drop/emulator/ui-v1.14.0.zip 
[debug] [2025-09-15T17:02:50.085Z] <<< [apiv2][status] GET https://storage.googleapis.com/firebase-preview-drop/emulator/ui-v1.14.0.zip 200
[debug] [2025-09-15T17:02:50.085Z] <<< [apiv2][body] GET https://storage.googleapis.com/firebase-preview-drop/emulator/ui-v1.14.0.zip [stream]
[debug] [2025-09-15T17:02:50.258Z] Data is 3615311
[debug] [2025-09-15T17:02:50.258Z] [unzip] Entry: client/ (compressed_size=0 bytes, uncompressed_size=0 bytes)
[debug] [2025-09-15T17:02:50.258Z] [unzip] Processing entry: client/
[debug] [2025-09-15T17:02:50.258Z] [unzip] mkdir: /Users/arnavdadarya/.cache/firebase/emulators/ui-v1.14.0/client/
[debug] [2025-09-15T17:02:50.259Z] [unzip] Entry: client/favicon-16x16.png (compressed_size=293 bytes, uncompressed_size=293 bytes)
[debug] [2025-09-15T17:02:50.260Z] [unzip] Processing entry: client/favicon-16x16.png
[debug] [2025-09-15T17:02:50.260Z] [unzip] else mkdir: /Users/arnavdadarya/.cache/firebase/emulators/ui-v1.14.0/client
[debug] [2025-09-15T17:02:50.260Z] [unzip] Writing file: /Users/arnavdadarya/.cache/firebase/emulators/ui-v1.14.0/client/favicon-16x16.png
[debug] [2025-09-15T17:02:50.260Z] [unzip] Entry: client/safari-pinned-tab.svg (compressed_size=1433 bytes, uncompressed_size=2611 bytes)
[debug] [2025-09-15T17:02:50.260Z] [unzip] Processing entry: client/safari-pinned-tab.svg
[debug] [2025-09-15T17:02:50.260Z] [unzip] else mkdir: /Users/arnavdadarya/.cache/firebase/emulators/ui-v1.14.0/client
[debug] [2025-09-15T17:02:50.261Z] [unzip] deflating: /Users/arnavdadarya/.cache/firebase/emulators/ui-v1.14.0/client/safari-pinned-tab.svg
[debug] [2025-09-15T17:02:50.263Z] [unzip] Entry: client/favicon.ico (compressed_size=2933 bytes, uncompressed_size=13294 bytes)
[debug] [2025-09-15T17:02:50.263Z] [unzip] Processing entry: client/favicon.ico
[debug] [2025-09-15T17:02:50.263Z] [unzip] else mkdir: /Users/arnavdadarya/.cache/firebase/emulators/ui-v1.14.0/client
[debug] [2025-09-15T17:02:50.263Z] [unzip] deflating: /Users/arnavdadarya/.cache/firebase/emulators/ui-v1.14.0/client/favicon.ico
[debug] [2025-09-15T17:02:50.264Z] [unzip] Entry: client/index.html (compressed_size=1363 bytes, uncompressed_size=3071 bytes)
[debug] [2025-09-15T17:02:50.264Z] [unzip] Processing entry: client/index.html
[debug] [2025-09-15T17:02:50.264Z] [unzip] else mkdir: /Users/arnavdadarya/.cache/firebase/emulators/ui-v1.14.0/client
[debug] [2025-09-15T17:02:50.264Z] [unzip] deflating: /Users/arnavdadarya/.cache/firebase/emulators/ui-v1.14.0/client/index.html
[debug] [2025-09-15T17:02:50.265Z] [unzip] Entry: client/android-chrome-192x192.png (compressed_size=2684 bytes, uncompressed_size=2684 bytes)
[debug] [2025-09-15T17:02:50.265Z] [unzip] Processing entry: client/android-chrome-192x192.png
[debug] [2025-09-15T17:02:50.265Z] [unzip] else mkdir: /Users/arnavdadarya/.cache/firebase/emulators/ui-v1.14.0/client
[debug] [2025-09-15T17:02:50.266Z] [unzip] Writing file: /Users/arnavdadarya/.cache/firebase/emulators/ui-v1.14.0/client/android-chrome-192x192.png
[debug] [2025-09-15T17:02:50.266Z] [unzip] Entry: client/apple-touch-icon.png (compressed_size=2123 bytes, uncompressed_size=2152 bytes)
[debug] [2025-09-15T17:02:50.266Z] [unzip] Processing entry: client/apple-touch-icon.png
[debug] [2025-09-15T17:02:50.266Z] [unzip] else mkdir: /Users/arnavdadarya/.cache/firebase/emulators/ui-v1.14.0/client
[debug] [2025-09-15T17:02:50.266Z] [unzip] deflating: /Users/arnavdadarya/.cache/firebase/emulators/ui-v1.14.0/client/apple-touch-icon.png
[debug] [2025-09-15T17:02:50.267Z] [unzip] Entry: client/android-chrome-512x512.png (compressed_size=5369 bytes, uncompressed_size=5411 bytes)
[debug] [2025-09-15T17:02:50.267Z] [unzip] Processing entry: client/android-chrome-512x512.png
[debug] [2025-09-15T17:02:50.267Z] [unzip] else mkdir: /Users/arnavdadarya/.cache/firebase/emulators/ui-v1.14.0/client
[debug] [2025-09-15T17:02:50.267Z] [unzip] deflating: /Users/arnavdadarya/.cache/firebase/emulators/ui-v1.14.0/client/android-chrome-512x512.png
[debug] [2025-09-15T17:02:50.269Z] [unzip] Entry: client/manifest.json (compressed_size=245 bytes, uncompressed_size=551 bytes)
[debug] [2025-09-15T17:02:50.269Z] [unzip] Processing entry: client/manifest.json
[debug] [2025-09-15T17:02:50.269Z] [unzip] else mkdir: /Users/arnavdadarya/.cache/firebase/emulators/ui-v1.14.0/client
[debug] [2025-09-15T17:02:50.269Z] [unzip] deflating: /Users/arnavdadarya/.cache/firebase/emulators/ui-v1.14.0/client/manifest.json
[debug] [2025-09-15T17:02:50.273Z] [unzip] Entry: client/robots.txt (compressed_size=26 bytes, uncompressed_size=26 bytes)
[debug] [2025-09-15T17:02:50.273Z] [unzip] Processing entry: client/robots.txt
[debug] [2025-09-15T17:02:50.273Z] [unzip] else mkdir: /Users/arnavdadarya/.cache/firebase/emulators/ui-v1.14.0/client
[debug] [2025-09-15T17:02:50.273Z] [unzip] Writing file: /Users/arnavdadarya/.cache/firebase/emulators/ui-v1.14.0/client/robots.txt
[debug] [2025-09-15T17:02:50.274Z] [unzip] Entry: client/mstile-150x150.png (compressed_size=2034 bytes, uncompressed_size=2034 bytes)
[debug] [2025-09-15T17:02:50.274Z] [unzip] Processing entry: client/mstile-150x150.png
[debug] [2025-09-15T17:02:50.274Z] [unzip] else mkdir: /Users/arnavdadarya/.cache/firebase/emulators/ui-v1.14.0/client
[debug] [2025-09-15T17:02:50.274Z] [unzip] Writing file: /Users/arnavdadarya/.cache/firebase/emulators/ui-v1.14.0/client/mstile-150x150.png
[debug] [2025-09-15T17:02:50.274Z] [unzip] Entry: client/assets/ (compressed_size=0 bytes, uncompressed_size=0 bytes)
[debug] [2025-09-15T17:02:50.274Z] [unzip] Processing entry: client/assets/
[debug] [2025-09-15T17:02:50.274Z] [unzip] mkdir: /Users/arnavdadarya/.cache/firebase/emulators/ui-v1.14.0/client/assets/
[debug] [2025-09-15T17:02:50.274Z] [unzip] Entry: client/assets/index-ClZTY_JS.js.map (compressed_size=2328270 bytes, uncompressed_size=9947004 bytes)
[debug] [2025-09-15T17:02:50.275Z] [unzip] Processing entry: client/assets/index-ClZTY_JS.js.map
[debug] [2025-09-15T17:02:50.275Z] [unzip] else mkdir: /Users/arnavdadarya/.cache/firebase/emulators/ui-v1.14.0/client/assets
[debug] [2025-09-15T17:02:50.275Z] [unzip] deflating: /Users/arnavdadarya/.cache/firebase/emulators/ui-v1.14.0/client/assets/index-ClZTY_JS.js.map
[debug] [2025-09-15T17:02:50.303Z] [unzip] Entry: client/assets/index-ClZTY_JS.js (compressed_size=567195 bytes, uncompressed_size=2035940 bytes)
[debug] [2025-09-15T17:02:50.303Z] [unzip] Processing entry: client/assets/index-ClZTY_JS.js
[debug] [2025-09-15T17:02:50.303Z] [unzip] else mkdir: /Users/arnavdadarya/.cache/firebase/emulators/ui-v1.14.0/client/assets
[debug] [2025-09-15T17:02:50.303Z] [unzip] deflating: /Users/arnavdadarya/.cache/firebase/emulators/ui-v1.14.0/client/assets/index-ClZTY_JS.js
[debug] [2025-09-15T17:02:50.320Z] [unzip] Entry: client/assets/index-BdgySamB.css (compressed_size=35979 bytes, uncompressed_size=298654 bytes)
[debug] [2025-09-15T17:02:50.320Z] [unzip] Processing entry: client/assets/index-BdgySamB.css
[debug] [2025-09-15T17:02:50.320Z] [unzip] else mkdir: /Users/arnavdadarya/.cache/firebase/emulators/ui-v1.14.0/client/assets
[debug] [2025-09-15T17:02:50.321Z] [unzip] deflating: /Users/arnavdadarya/.cache/firebase/emulators/ui-v1.14.0/client/assets/index-BdgySamB.css
[debug] [2025-09-15T17:02:50.322Z] [unzip] Entry: client/assets/extensions/ (compressed_size=0 bytes, uncompressed_size=0 bytes)
[debug] [2025-09-15T17:02:50.323Z] [unzip] Processing entry: client/assets/extensions/
[debug] [2025-09-15T17:02:50.323Z] [unzip] mkdir: /Users/arnavdadarya/.cache/firebase/emulators/ui-v1.14.0/client/assets/extensions/
[debug] [2025-09-15T17:02:50.323Z] [unzip] Entry: client/assets/extensions/default-extension.png (compressed_size=1646 bytes, uncompressed_size=1657 bytes)
[debug] [2025-09-15T17:02:50.323Z] [unzip] Processing entry: client/assets/extensions/default-extension.png
[debug] [2025-09-15T17:02:50.323Z] [unzip] else mkdir: /Users/arnavdadarya/.cache/firebase/emulators/ui-v1.14.0/client/assets/extensions
[debug] [2025-09-15T17:02:50.323Z] [unzip] deflating: /Users/arnavdadarya/.cache/firebase/emulators/ui-v1.14.0/client/assets/extensions/default-extension.png
[debug] [2025-09-15T17:02:50.323Z] [unzip] Entry: client/assets/img/ (compressed_size=0 bytes, uncompressed_size=0 bytes)
[debug] [2025-09-15T17:02:50.323Z] [unzip] Processing entry: client/assets/img/
[debug] [2025-09-15T17:02:50.323Z] [unzip] mkdir: /Users/arnavdadarya/.cache/firebase/emulators/ui-v1.14.0/client/assets/img/
[debug] [2025-09-15T17:02:50.323Z] [unzip] Entry: client/assets/img/database.png (compressed_size=29449 bytes, uncompressed_size=29988 bytes)
[debug] [2025-09-15T17:02:50.323Z] [unzip] Processing entry: client/assets/img/database.png
[debug] [2025-09-15T17:02:50.323Z] [unzip] else mkdir: /Users/arnavdadarya/.cache/firebase/emulators/ui-v1.14.0/client/assets/img
[debug] [2025-09-15T17:02:50.323Z] [unzip] deflating: /Users/arnavdadarya/.cache/firebase/emulators/ui-v1.14.0/client/assets/img/database.png
[debug] [2025-09-15T17:02:50.324Z] [unzip] Entry: client/assets/provider-icons/ (compressed_size=0 bytes, uncompressed_size=0 bytes)
[debug] [2025-09-15T17:02:50.324Z] [unzip] Processing entry: client/assets/provider-icons/
[debug] [2025-09-15T17:02:50.324Z] [unzip] mkdir: /Users/arnavdadarya/.cache/firebase/emulators/ui-v1.14.0/client/assets/provider-icons/
[debug] [2025-09-15T17:02:50.324Z] [unzip] Entry: client/assets/provider-icons/auth_service_saml.svg (compressed_size=575 bytes, uncompressed_size=1226 bytes)
[debug] [2025-09-15T17:02:50.324Z] [unzip] Processing entry: client/assets/provider-icons/auth_service_saml.svg
[debug] [2025-09-15T17:02:50.324Z] [unzip] else mkdir: /Users/arnavdadarya/.cache/firebase/emulators/ui-v1.14.0/client/assets/provider-icons
[debug] [2025-09-15T17:02:50.324Z] [unzip] deflating: /Users/arnavdadarya/.cache/firebase/emulators/ui-v1.14.0/client/assets/provider-icons/auth_service_saml.svg
[debug] [2025-09-15T17:02:50.325Z] [unzip] Entry: client/assets/provider-icons/auth_service_phone.svg (compressed_size=261 bytes, uncompressed_size=414 bytes)
[debug] [2025-09-15T17:02:50.325Z] [unzip] Processing entry: client/assets/provider-icons/auth_service_phone.svg
[debug] [2025-09-15T17:02:50.325Z] [unzip] else mkdir: /Users/arnavdadarya/.cache/firebase/emulators/ui-v1.14.0/client/assets/provider-icons
[debug] [2025-09-15T17:02:50.325Z] [unzip] deflating: /Users/arnavdadarya/.cache/firebase/emulators/ui-v1.14.0/client/assets/provider-icons/auth_service_phone.svg
[debug] [2025-09-15T17:02:50.325Z] [unzip] Entry: client/assets/provider-icons/auth_service_facebook.svg (compressed_size=289 bytes, uncompressed_size=457 bytes)
[debug] [2025-09-15T17:02:50.325Z] [unzip] Processing entry: client/assets/provider-icons/auth_service_facebook.svg
[debug] [2025-09-15T17:02:50.325Z] [unzip] else mkdir: /Users/arnavdadarya/.cache/firebase/emulators/ui-v1.14.0/client/assets/provider-icons
[debug] [2025-09-15T17:02:50.325Z] [unzip] deflating: /Users/arnavdadarya/.cache/firebase/emulators/ui-v1.14.0/client/assets/provider-icons/auth_service_facebook.svg
[debug] [2025-09-15T17:02:50.326Z] [unzip] Entry: client/assets/provider-icons/auth_service_game_center.svg (compressed_size=991 bytes, uncompressed_size=3921 bytes)
[debug] [2025-09-15T17:02:50.326Z] [unzip] Processing entry: client/assets/provider-icons/auth_service_game_center.svg
[debug] [2025-09-15T17:02:50.326Z] [unzip] else mkdir: /Users/arnavdadarya/.cache/firebase/emulators/ui-v1.14.0/client/assets/provider-icons
[debug] [2025-09-15T17:02:50.326Z] [unzip] deflating: /Users/arnavdadarya/.cache/firebase/emulators/ui-v1.14.0/client/assets/provider-icons/auth_service_game_center.svg
[debug] [2025-09-15T17:02:50.326Z] [unzip] Entry: client/assets/provider-icons/auth_service_apple.svg (compressed_size=230 bytes, uncompressed_size=334 bytes)
[debug] [2025-09-15T17:02:50.326Z] [unzip] Processing entry: client/assets/provider-icons/auth_service_apple.svg
[debug] [2025-09-15T17:02:50.326Z] [unzip] else mkdir: /Users/arnavdadarya/.cache/firebase/emulators/ui-v1.14.0/client/assets/provider-icons
[debug] [2025-09-15T17:02:50.326Z] [unzip] deflating: /Users/arnavdadarya/.cache/firebase/emulators/ui-v1.14.0/client/assets/provider-icons/auth_service_apple.svg
[debug] [2025-09-15T17:02:50.327Z] [unzip] Entry: client/assets/provider-icons/auth_service_github.svg (compressed_size=466 bytes, uncompressed_size=838 bytes)
[debug] [2025-09-15T17:02:50.327Z] [unzip] Processing entry: client/assets/provider-icons/auth_service_github.svg
[debug] [2025-09-15T17:02:50.327Z] [unzip] else mkdir: /Users/arnavdadarya/.cache/firebase/emulators/ui-v1.14.0/client/assets/provider-icons
[debug] [2025-09-15T17:02:50.327Z] [unzip] deflating: /Users/arnavdadarya/.cache/firebase/emulators/ui-v1.14.0/client/assets/provider-icons/auth_service_github.svg
[debug] [2025-09-15T17:02:50.327Z] [unzip] Entry: client/assets/provider-icons/auth_service_mslive.svg (compressed_size=203 bytes, uncompressed_size=378 bytes)
[debug] [2025-09-15T17:02:50.327Z] [unzip] Processing entry: client/assets/provider-icons/auth_service_mslive.svg
[debug] [2025-09-15T17:02:50.327Z] [unzip] else mkdir: /Users/arnavdadarya/.cache/firebase/emulators/ui-v1.14.0/client/assets/provider-icons
[debug] [2025-09-15T17:02:50.327Z] [unzip] deflating: /Users/arnavdadarya/.cache/firebase/emulators/ui-v1.14.0/client/assets/provider-icons/auth_service_mslive.svg
[debug] [2025-09-15T17:02:50.328Z] [unzip] Entry: client/assets/provider-icons/auth_service_yahoo.svg (compressed_size=577 bytes, uncompressed_size=1182 bytes)
[debug] [2025-09-15T17:02:50.328Z] [unzip] Processing entry: client/assets/provider-icons/auth_service_yahoo.svg
[debug] [2025-09-15T17:02:50.328Z] [unzip] else mkdir: /Users/arnavdadarya/.cache/firebase/emulators/ui-v1.14.0/client/assets/provider-icons
[debug] [2025-09-15T17:02:50.328Z] [unzip] deflating: /Users/arnavdadarya/.cache/firebase/emulators/ui-v1.14.0/client/assets/provider-icons/auth_service_yahoo.svg
[debug] [2025-09-15T17:02:50.328Z] [unzip] Entry: client/assets/provider-icons/auth_service_twitter.svg (compressed_size=444 bytes, uncompressed_size=751 bytes)
[debug] [2025-09-15T17:02:50.328Z] [unzip] Processing entry: client/assets/provider-icons/auth_service_twitter.svg
[debug] [2025-09-15T17:02:50.328Z] [unzip] else mkdir: /Users/arnavdadarya/.cache/firebase/emulators/ui-v1.14.0/client/assets/provider-icons
[debug] [2025-09-15T17:02:50.328Z] [unzip] deflating: /Users/arnavdadarya/.cache/firebase/emulators/ui-v1.14.0/client/assets/provider-icons/auth_service_twitter.svg
[debug] [2025-09-15T17:02:50.328Z] [unzip] Entry: client/assets/provider-icons/auth_service_play_games.svg (compressed_size=565 bytes, uncompressed_size=1173 bytes)
[debug] [2025-09-15T17:02:50.328Z] [unzip] Processing entry: client/assets/provider-icons/auth_service_play_games.svg
[debug] [2025-09-15T17:02:50.328Z] [unzip] else mkdir: /Users/arnavdadarya/.cache/firebase/emulators/ui-v1.14.0/client/assets/provider-icons
[debug] [2025-09-15T17:02:50.328Z] [unzip] deflating: /Users/arnavdadarya/.cache/firebase/emulators/ui-v1.14.0/client/assets/provider-icons/auth_service_play_games.svg
[debug] [2025-09-15T17:02:50.329Z] [unzip] Entry: client/assets/provider-icons/auth_service_email.svg (compressed_size=228 bytes, uncompressed_size=326 bytes)
[debug] [2025-09-15T17:02:50.329Z] [unzip] Processing entry: client/assets/provider-icons/auth_service_email.svg
[debug] [2025-09-15T17:02:50.329Z] [unzip] else mkdir: /Users/arnavdadarya/.cache/firebase/emulators/ui-v1.14.0/client/assets/provider-icons
[debug] [2025-09-15T17:02:50.329Z] [unzip] deflating: /Users/arnavdadarya/.cache/firebase/emulators/ui-v1.14.0/client/assets/provider-icons/auth_service_email.svg
[debug] [2025-09-15T17:02:50.329Z] [unzip] Entry: client/assets/provider-icons/auth_service_google.svg (compressed_size=409 bytes, uncompressed_size=720 bytes)
[debug] [2025-09-15T17:02:50.329Z] [unzip] Processing entry: client/assets/provider-icons/auth_service_google.svg
[debug] [2025-09-15T17:02:50.329Z] [unzip] else mkdir: /Users/arnavdadarya/.cache/firebase/emulators/ui-v1.14.0/client/assets/provider-icons
[debug] [2025-09-15T17:02:50.329Z] [unzip] deflating: /Users/arnavdadarya/.cache/firebase/emulators/ui-v1.14.0/client/assets/provider-icons/auth_service_google.svg
[debug] [2025-09-15T17:02:50.329Z] [unzip] Entry: client/assets/provider-icons/auth_service_oidc.svg (compressed_size=414 bytes, uncompressed_size=858 bytes)
[debug] [2025-09-15T17:02:50.329Z] [unzip] Processing entry: client/assets/provider-icons/auth_service_oidc.svg
[debug] [2025-09-15T17:02:50.329Z] [unzip] else mkdir: /Users/arnavdadarya/.cache/firebase/emulators/ui-v1.14.0/client/assets/provider-icons
[debug] [2025-09-15T17:02:50.329Z] [unzip] deflating: /Users/arnavdadarya/.cache/firebase/emulators/ui-v1.14.0/client/assets/provider-icons/auth_service_oidc.svg
[debug] [2025-09-15T17:02:50.330Z] [unzip] Entry: client/browserconfig.xml (compressed_size=491 bytes, uncompressed_size=822 bytes)
[debug] [2025-09-15T17:02:50.330Z] [unzip] Processing entry: client/browserconfig.xml
[debug] [2025-09-15T17:02:50.330Z] [unzip] else mkdir: /Users/arnavdadarya/.cache/firebase/emulators/ui-v1.14.0/client
[debug] [2025-09-15T17:02:50.330Z] [unzip] deflating: /Users/arnavdadarya/.cache/firebase/emulators/ui-v1.14.0/client/browserconfig.xml
[debug] [2025-09-15T17:02:50.330Z] [unzip] Entry: client/favicon-32x32.png (compressed_size=475 bytes, uncompressed_size=475 bytes)
[debug] [2025-09-15T17:02:50.330Z] [unzip] Processing entry: client/favicon-32x32.png
[debug] [2025-09-15T17:02:50.330Z] [unzip] else mkdir: /Users/arnavdadarya/.cache/firebase/emulators/ui-v1.14.0/client
[debug] [2025-09-15T17:02:50.330Z] [unzip] Writing file: /Users/arnavdadarya/.cache/firebase/emulators/ui-v1.14.0/client/favicon-32x32.png
[debug] [2025-09-15T17:02:50.330Z] [unzip] Entry: server/ (compressed_size=0 bytes, uncompressed_size=0 bytes)
[debug] [2025-09-15T17:02:50.330Z] [unzip] Processing entry: server/
[debug] [2025-09-15T17:02:50.330Z] [unzip] mkdir: /Users/arnavdadarya/.cache/firebase/emulators/ui-v1.14.0/server/
[debug] [2025-09-15T17:02:50.330Z] [unzip] Entry: server/server.mjs.map (compressed_size=296496 bytes, uncompressed_size=1355667 bytes)
[debug] [2025-09-15T17:02:50.330Z] [unzip] Processing entry: server/server.mjs.map
[debug] [2025-09-15T17:02:50.330Z] [unzip] else mkdir: /Users/arnavdadarya/.cache/firebase/emulators/ui-v1.14.0/server
[debug] [2025-09-15T17:02:50.331Z] [unzip] deflating: /Users/arnavdadarya/.cache/firebase/emulators/ui-v1.14.0/server/server.mjs.map
[debug] [2025-09-15T17:02:50.334Z] [unzip] Entry: server/server.mjs (compressed_size=315701 bytes, uncompressed_size=1172682 bytes)
[debug] [2025-09-15T17:02:50.334Z] [unzip] Processing entry: server/server.mjs
[debug] [2025-09-15T17:02:50.334Z] [unzip] else mkdir: /Users/arnavdadarya/.cache/firebase/emulators/ui-v1.14.0/server
[debug] [2025-09-15T17:02:50.334Z] [unzip] deflating: /Users/arnavdadarya/.cache/firebase/emulators/ui-v1.14.0/server/server.mjs
[debug] [2025-09-15T17:02:50.337Z] [unzip] Entry: server/assets/ (compressed_size=0 bytes, uncompressed_size=0 bytes)
[debug] [2025-09-15T17:02:50.337Z] [unzip] Processing entry: server/assets/
[debug] [2025-09-15T17:02:50.337Z] [unzip] mkdir: /Users/arnavdadarya/.cache/firebase/emulators/ui-v1.14.0/server/assets/
[debug] [2025-09-15T17:02:50.337Z] [unzip] Entry: server/assets/multipart-parser-DGCUZdXu.mjs.map (compressed_size=4791 bytes, uncompressed_size=17918 bytes)
[debug] [2025-09-15T17:02:50.337Z] [unzip] Processing entry: server/assets/multipart-parser-DGCUZdXu.mjs.map
[debug] [2025-09-15T17:02:50.337Z] [unzip] else mkdir: /Users/arnavdadarya/.cache/firebase/emulators/ui-v1.14.0/server/assets
[debug] [2025-09-15T17:02:50.337Z] [unzip] deflating: /Users/arnavdadarya/.cache/firebase/emulators/ui-v1.14.0/server/assets/multipart-parser-DGCUZdXu.mjs.map
[debug] [2025-09-15T17:02:50.338Z] [unzip] Entry: server/assets/multipart-parser-DGCUZdXu.mjs (compressed_size=2621 bytes, uncompressed_size=10390 bytes)
[debug] [2025-09-15T17:02:50.338Z] [unzip] Processing entry: server/assets/multipart-parser-DGCUZdXu.mjs
[debug] [2025-09-15T17:02:50.338Z] [unzip] else mkdir: /Users/arnavdadarya/.cache/firebase/emulators/ui-v1.14.0/server/assets
[debug] [2025-09-15T17:02:50.338Z] [unzip] deflating: /Users/arnavdadarya/.cache/firebase/emulators/ui-v1.14.0/server/assets/multipart-parser-DGCUZdXu.mjs
[debug] [2025-09-15T17:02:50.342Z] Could not find VSCode notification endpoint: FetchError: request to http://localhost:40001/vscode/notify failed, reason: connect ECONNREFUSED ::1:40001. If you are not running the Firebase Data Connect VSCode extension, this is expected and not an issue.
[info] 
┌─────────────────────────────────────────────────────────────┐
│ ✔  All emulators ready! It is now safe to connect your app. │
│ i  View Emulator UI at http://127.0.0.1:4000/               │
└─────────────────────────────────────────────────────────────┘

┌───────────┬────────────────┬─────────────────────────────────┐
│ Emulator  │ Host:Port      │ View in Emulator UI             │
├───────────┼────────────────┼─────────────────────────────────┤
│ Firestore │ 127.0.0.1:8080 │ http://127.0.0.1:4000/firestore │
├───────────┼────────────────┼─────────────────────────────────┤
│ Storage   │ 127.0.0.1:9199 │ http://127.0.0.1:4000/storage   │
└───────────┴────────────────┴─────────────────────────────────┘
  Emulator Hub host: 127.0.0.1 port: 4400
  Other reserved ports: 4500, 9150

Issues? Report them at https://github.com/firebase/firebase-tools/issues and attach the *-debug.log files.
 
[debug] [2025-09-15T17:02:58.884Z] Sep 15, 2025 1:02:58 PM com.google.cloud.datastore.emulator.firestore.websocket.WebSocketChannelHandler initChannel
INFO: Connected to new websocket client
 {"metadata":{"emulator":{"name":"firestore"},"message":"Sep 15, 2025 1:02:58 PM com.google.cloud.datastore.emulator.firestore.websocket.WebSocketChannelHandler initChannel\nINFO: Connected to new websocket client\n"}}
[debug] [2025-09-15T17:03:11.406Z] Sep 15, 2025 1:03:11 PM io.gapi.emulators.netty.HttpVersionRoutingHandler channelRead
INFO: Detected non-HTTP/2 connection.
 {"metadata":{"emulator":{"name":"firestore"},"message":"Sep 15, 2025 1:03:11 PM io.gapi.emulators.netty.HttpVersionRoutingHandler channelRead\nINFO: Detected non-HTTP/2 connection.\n"}}
[debug] [2025-09-15T17:03:11.466Z] Sep 15, 2025 1:03:11 PM io.gapi.emulators.netty.HttpVersionRoutingHandler channelRead
INFO: Detected HTTP/2 connection.
 {"metadata":{"emulator":{"name":"firestore"},"message":"Sep 15, 2025 1:03:11 PM io.gapi.emulators.netty.HttpVersionRoutingHandler channelRead\nINFO: Detected HTTP/2 connection.\n"}}
